# JRE version: Java(TM) SE Runtime Environment (8.0_91-b14) (build 1.8.0_91-b14)
# Java VM: Java HotSpot(TM) 64-Bit Server VM (25.91-b14 mixed mode bsd-amd64 compressed oops)
Heap:
 PSYoungGen      total 436736K, used 106734K [0x00000007a0000000, 0x00000007c0000000, 0x00000007c0000000)
  eden space 359424K, 14% used [0x00000007a0000000,0x00000007a326bcf8,0x00000007b5f00000)
  from space 77312K, 71% used [0x00000007b5f00000,0x00000007b94cfcd0,0x00000007baa80000)
  to   space 80384K, 0% used [0x00000007bb180000,0x00000007bb180000,0x00000007c0000000)
 ParOldGen       total 657920K, used 447830K [0x0000000760000000, 0x0000000788280000, 0x00000007a0000000)
  object space 657920K, 68% used [0x0000000760000000,0x000000077b555a00,0x0000000788280000)
 Metaspace       used 87822K, capacity 90140K, committed 91008K, reserved 1128448K
  class space    used 10976K, capacity 11524K, committed 11648K, reserved 1048576K
GC Heap History (10 events):
Event: 4495.606 GC heap before
{Heap before GC invocations=254 (full 19):
 PSYoungGen      total 423424K, used 364974K [0x00000007a0000000, 0x00000007bf380000, 0x00000007c0000000)
  eden space 333824K, 100% used [0x00000007a0000000,0x00000007b4600000,0x00000007b4600000)
  from space 89600K, 34% used [0x00000007b9c00000,0x00000007bba6b918,0x00000007bf380000)
  to   space 88064K, 0% used [0x00000007b4600000,0x00000007b4600000,0x00000007b9c00000)
 ParOldGen       total 657920K, used 447806K [0x0000000760000000, 0x0000000788280000, 0x00000007a0000000)
  object space 657920K, 68% used [0x0000000760000000,0x000000077b54fa00,0x0000000788280000)
 Metaspace       used 86693K, capacity 88908K, committed 89984K, reserved 1128448K
  class space    used 10861K, capacity 11378K, committed 11648K, reserved 1048576K
Event: 4495.666 GC heap after
Heap after GC invocations=254 (full 19):
 PSYoungGen      total 421888K, used 26865K [0x00000007a0000000, 0x00000007bf880000, 0x00000007c0000000)
  eden space 333824K, 0% used [0x00000007a0000000,0x00000007a0000000,0x00000007b4600000)
  from space 88064K, 30% used [0x00000007b4600000,0x00000007b603c468,0x00000007b9c00000)
  to   space 84992K, 0% used [0x00000007ba580000,0x00000007ba580000,0x00000007bf880000)
 ParOldGen       total 657920K, used 447806K [0x0000000760000000, 0x0000000788280000, 0x00000007a0000000)
  object space 657920K, 68% used [0x0000000760000000,0x000000077b54fa00,0x0000000788280000)
 Metaspace       used 86693K, capacity 88908K, committed 89984K, reserved 1128448K
  class space    used 10861K, capacity 11378K, committed 11648K, reserved 1048576K
}
Event: 4497.715 GC heap before
{Heap before GC invocations=255 (full 19):
 PSYoungGen      total 421888K, used 360689K [0x00000007a0000000, 0x00000007bf880000, 0x00000007c0000000)
  eden space 333824K, 100% used [0x00000007a0000000,0x00000007b4600000,0x00000007b4600000)
  from space 88064K, 30% used [0x00000007b4600000,0x00000007b603c468,0x00000007b9c00000)
  to   space 84992K, 0% used [0x00000007ba580000,0x00000007ba580000,0x00000007bf880000)
 ParOldGen       total 657920K, used 447806K [0x0000000760000000, 0x0000000788280000, 0x00000007a0000000)
  object space 657920K, 68% used [0x0000000760000000,0x000000077b54fa00,0x0000000788280000)
 Metaspace       used 86727K, capacity 88972K, committed 89984K, reserved 1128448K
  class space    used 10861K, capacity 11378K, committed 11648K, reserved 1048576K
Event: 4497.808 GC heap after
Heap after GC invocations=255 (full 19):
 PSYoungGen      total 433664K, used 44240K [0x00000007a0000000, 0x00000007bf900000, 0x00000007c0000000)
  eden space 348672K, 0% used [0x00000007a0000000,0x00000007a0000000,0x00000007b5480000)
  from space 84992K, 52% used [0x00000007ba580000,0x00000007bd0b4020,0x00000007bf880000)
  to   space 82944K, 0% used [0x00000007b5480000,0x00000007b5480000,0x00000007ba580000)
 ParOldGen       total 657920K, used 447814K [0x0000000760000000, 0x0000000788280000, 0x00000007a0000000)
  object space 657920K, 68% used [0x0000000760000000,0x000000077b551a00,0x0000000788280000)
 Metaspace       used 86727K, capacity 88972K, committed 89984K, reserved 1128448K
  class space    used 10861K, capacity 11378K, committed 11648K, reserved 1048576K
}
Event: 4499.473 GC heap before
{Heap before GC invocations=256 (full 19):
 PSYoungGen      total 433664K, used 392912K [0x00000007a0000000, 0x00000007bf900000, 0x00000007c0000000)
  eden space 348672K, 100% used [0x00000007a0000000,0x00000007b5480000,0x00000007b5480000)
  from space 84992K, 52% used [0x00000007ba580000,0x00000007bd0b4020,0x00000007bf880000)
  to   space 82944K, 0% used [0x00000007b5480000,0x00000007b5480000,0x00000007ba580000)
 ParOldGen       total 657920K, used 447814K [0x0000000760000000, 0x0000000788280000, 0x00000007a0000000)
  object space 657920K, 68% used [0x0000000760000000,0x000000077b551a00,0x0000000788280000)
 Metaspace       used 86732K, capacity 88972K, committed 89984K, reserved 1128448K
  class space    used 10862K, capacity 11378K, committed 11648K, reserved 1048576K
Event: 4499.564 GC heap after
Heap after GC invocations=256 (full 19):
 PSYoungGen      total 431616K, used 27551K [0x00000007a0000000, 0x00000007bf900000, 0x00000007c0000000)
  eden space 348672K, 0% used [0x00000007a0000000,0x00000007a0000000,0x00000007b5480000)
  from space 82944K, 33% used [0x00000007b5480000,0x00000007b6f67f78,0x00000007ba580000)
  to   space 80384K, 0% used [0x00000007baa80000,0x00000007baa80000,0x00000007bf900000)
 ParOldGen       total 657920K, used 447822K [0x0000000760000000, 0x0000000788280000, 0x00000007a0000000)
  object space 657920K, 68% used [0x0000000760000000,0x000000077b553a00,0x0000000788280000)
 Metaspace       used 86732K, capacity 88972K, committed 89984K, reserved 1128448K
  class space    used 10862K, capacity 11378K, committed 11648K, reserved 1048576K
}
Event: 4500.638 GC heap before
{Heap before GC invocations=257 (full 19):
 PSYoungGen      total 431616K, used 376223K [0x00000007a0000000, 0x00000007bf900000, 0x00000007c0000000)
  eden space 348672K, 100% used [0x00000007a0000000,0x00000007b5480000,0x00000007b5480000)
  from space 82944K, 33% used [0x00000007b5480000,0x00000007b6f67f78,0x00000007ba580000)
  to   space 80384K, 0% used [0x00000007baa80000,0x00000007baa80000,0x00000007bf900000)
 ParOldGen       total 657920K, used 447822K [0x0000000760000000, 0x0000000788280000, 0x00000007a0000000)
  object space 657920K, 68% used [0x0000000760000000,0x000000077b553a00,0x0000000788280000)
 Metaspace       used 86732K, capacity 88972K, committed 89984K, reserved 1128448K
  class space    used 10862K, capacity 11378K, committed 11648K, reserved 1048576K
Event: 4500.670 GC heap after
Heap after GC invocations=257 (full 19):
 PSYoungGen      total 438272K, used 28171K [0x00000007a0000000, 0x00000007bf780000, 0x00000007c0000000)
  eden space 359424K, 0% used [0x00000007a0000000,0x00000007a0000000,0x00000007b5f00000)
  from space 78848K, 35% used [0x00000007baa80000,0x00000007bc602fb8,0x00000007bf780000)
  to   space 77312K, 0% used [0x00000007b5f00000,0x00000007b5f00000,0x00000007baa80000)
 ParOldGen       total 657920K, used 447822K [0x0000000760000000, 0x0000000788280000, 0x00000007a0000000)
  object space 657920K, 68% used [0x0000000760000000,0x000000077b553a00,0x0000000788280000)
 Metaspace       used 86732K, capacity 88972K, committed 89984K, reserved 1128448K
  class space    used 10862K, capacity 11378K, committed 11648K, reserved 1048576K
}
Event: 4519.801 GC heap before
{Heap before GC invocations=258 (full 19):
 PSYoungGen      total 438272K, used 387595K [0x00000007a0000000, 0x00000007bf780000, 0x00000007c0000000)
  eden space 359424K, 100% used [0x00000007a0000000,0x00000007b5f00000,0x00000007b5f00000)
  from space 78848K, 35% used [0x00000007baa80000,0x00000007bc602fb8,0x00000007bf780000)
  to   space 77312K, 0% used [0x00000007b5f00000,0x00000007b5f00000,0x00000007baa80000)
 ParOldGen       total 657920K, used 447822K [0x0000000760000000, 0x0000000788280000, 0x00000007a0000000)
  object space 657920K, 68% used [0x0000000760000000,0x000000077b553a00,0x0000000788280000)
 Metaspace       used 87751K, capacity 90012K, committed 90752K, reserved 1128448K
  class space    used 10975K, capacity 11524K, committed 11648K, reserved 1048576K
Event: 4520.261 GC heap after
Heap after GC invocations=258 (full 19):
 PSYoungGen      total 436736K, used 55103K [0x00000007a0000000, 0x00000007c0000000, 0x00000007c0000000)
  eden space 359424K, 0% used [0x00000007a0000000,0x00000007a0000000,0x00000007b5f00000)
  from space 77312K, 71% used [0x00000007b5f00000,0x00000007b94cfcd0,0x00000007baa80000)
  to   space 80384K, 0% used [0x00000007bb180000,0x00000007bb180000,0x00000007c0000000)
 ParOldGen       total 657920K, used 447830K [0x0000000760000000, 0x0000000788280000, 0x00000007a0000000)
  object space 657920K, 68% used [0x0000000760000000,0x000000077b555a00,0x0000000788280000)
 Metaspace       used 87751K, capacity 90012K, committed 90752K, reserved 1128448K
  class space    used 10975K, capacity 11524K, committed 11648K, reserved 1048576K
}

